c:\users\administrator\codes\sendmessagedemo\sendmessagedesk\x64\debug\vc143.pdb
c:\users\administrator\codes\sendmessagedemo\sendmessagedesk\x64\debug\vc143.idb
c:\users\administrator\codes\sendmessagedemo\sendmessagedesk\x64\debug\writeitem.obj
c:\users\administrator\codes\sendmessagedemo\sendmessagedesk\x64\debug\writecoordinates.obj
c:\users\administrator\codes\sendmessagedemo\sendmessagedesk\x64\debug\sendmessagedesk.obj
c:\users\administrator\codes\sendmessagedemo\sendmessagedesk\x64\debug\proc.obj
c:\users\administrator\codes\sendmessagedemo\sendmessagedesk\x64\debug\sendmessagedesk.ilk
c:\users\administrator\codes\sendmessagedemo\bin\sendmessagedesk.exe
c:\users\administrator\codes\sendmessagedemo\bin\sendmessagedesk.pdb
c:\users\administrator\codes\sendmessagedemo\sendmessagedesk\x64\debug\sendmessagedesk.res
c:\users\administrator\codes\sendmessagedemo\sendmessagedesk\x64\debug\sendmessagedesk.tlog\cl.command.1.tlog
c:\users\administrator\codes\sendmessagedemo\sendmessagedesk\x64\debug\sendmessagedesk.tlog\cl.items.tlog
c:\users\administrator\codes\sendmessagedemo\sendmessagedesk\x64\debug\sendmessagedesk.tlog\cl.read.1.tlog
c:\users\administrator\codes\sendmessagedemo\sendmessagedesk\x64\debug\sendmessagedesk.tlog\cl.write.1.tlog
c:\users\administrator\codes\sendmessagedemo\sendmessagedesk\x64\debug\sendmessagedesk.tlog\link.command.1.tlog
c:\users\administrator\codes\sendmessagedemo\sendmessagedesk\x64\debug\sendmessagedesk.tlog\link.read.1.tlog
c:\users\administrator\codes\sendmessagedemo\sendmessagedesk\x64\debug\sendmessagedesk.tlog\link.write.1.tlog
c:\users\administrator\codes\sendmessagedemo\sendmessagedesk\x64\debug\sendmessagedesk.tlog\rc.command.1.tlog
c:\users\administrator\codes\sendmessagedemo\sendmessagedesk\x64\debug\sendmessagedesk.tlog\rc.read.1.tlog
c:\users\administrator\codes\sendmessagedemo\sendmessagedesk\x64\debug\sendmessagedesk.tlog\rc.write.1.tlog
