d:\codes\进程间通信demo\sendmessagedemo\tool\x64\debug\tool.pch
d:\codes\进程间通信demo\sendmessagedemo\lib\tool.pdb
d:\codes\进程间通信demo\sendmessagedemo\lib\tool.idb
d:\codes\进程间通信demo\sendmessagedemo\tool\x64\debug\pch.obj
d:\codes\进程间通信demo\sendmessagedemo\tool\x64\debug\utf8tounicode.obj
d:\codes\进程间通信demo\sendmessagedemo\tool\x64\debug\unicodetoutf8.obj
d:\codes\进程间通信demo\sendmessagedemo\tool\x64\debug\rehidemodule.obj
d:\codes\进程间通信demo\sendmessagedemo\tool\x64\debug\offsethandle.obj
d:\codes\进程间通信demo\sendmessagedemo\tool\x64\debug\mystrcpy.obj
d:\codes\进程间通信demo\sendmessagedemo\tool\x64\debug\mystrcat.obj
d:\codes\进程间通信demo\sendmessagedemo\tool\x64\debug\locatedaddr.obj
d:\codes\进程间通信demo\sendmessagedemo\tool\x64\debug\gethwndbypid.obj
d:\codes\进程间通信demo\sendmessagedemo\tool\x64\debug\delay.obj
d:\codes\进程间通信demo\sendmessagedemo\tool\x64\debug\dbgprint.obj
d:\codes\进程间通信demo\sendmessagedemo\lib\tool.lib
c:\users\administrator\codes\sendmessagedemo\tool\x64\debug\dbgprint.obj
c:\users\administrator\codes\sendmessagedemo\tool\x64\debug\delay.obj
c:\users\administrator\codes\sendmessagedemo\tool\x64\debug\gethwndbypid.obj
c:\users\administrator\codes\sendmessagedemo\tool\x64\debug\locatedaddr.obj
c:\users\administrator\codes\sendmessagedemo\tool\x64\debug\mystrcat.obj
c:\users\administrator\codes\sendmessagedemo\tool\x64\debug\mystrcpy.obj
c:\users\administrator\codes\sendmessagedemo\tool\x64\debug\offsethandle.obj
c:\users\administrator\codes\sendmessagedemo\tool\x64\debug\pch.obj
c:\users\administrator\codes\sendmessagedemo\tool\x64\debug\rehidemodule.obj
c:\users\administrator\codes\sendmessagedemo\tool\x64\debug\unicodetoutf8.obj
c:\users\administrator\codes\sendmessagedemo\tool\x64\debug\utf8tounicode.obj
c:\users\administrator\codes\sendmessagedemo\tool\x64\debug\tool.pch
c:\users\administrator\codes\sendmessagedemo\lib\tool.lib
c:\users\administrator\codes\sendmessagedemo\tool\x64\debug\tool.tlog\cl.command.1.tlog
c:\users\administrator\codes\sendmessagedemo\tool\x64\debug\tool.tlog\cl.read.1.tlog
c:\users\administrator\codes\sendmessagedemo\tool\x64\debug\tool.tlog\cl.write.1.tlog
c:\users\administrator\codes\sendmessagedemo\tool\x64\debug\tool.tlog\lib-link.read.1.tlog
c:\users\administrator\codes\sendmessagedemo\tool\x64\debug\tool.tlog\lib-link.write.1.tlog
c:\users\administrator\codes\sendmessagedemo\tool\x64\debug\tool.tlog\lib.command.1.tlog
